// 重构日志: e9e1c405
// 重构日志: 9ce448a7
// 重构日志: 853129bb
// 重构日志: 1ecf3457
// 重构日志: dbae5e30
// 重构日志: 51a0e6fd
// 重构日志: adb9eef5
// 重构日志: f2a2b789
// 重构日志: f41d4437
// 重构日志: 132a7366
// 重构日志: 418938bb
// 同步 ID: 31b91c85 @ Sat Jul  4 08:21:57 UTC 2026
// 同步 ID: b2fd58aa @ Sat Jul  4 13:08:46 UTC 2026
// 重构日志: 8ed73966
// 同步 ID: 0526349b @ Mon Jul  6 14:33:07 UTC 2026
// 重构日志: 81cb9566
// 重构日志: c714abfa
// 重构日志: 8279ed43
// 同步 ID: b8ea8d99 @ Thu Jul 16 12:26:45 UTC 2026
// 同步 ID: b29f2465 @ Fri Jul 17 10:12:30 UTC 2026
// 重构日志: dc198797
// 重构日志: 8fbebb4b
// 重构日志: 3e051913
// 重构日志: b124ef2f
